<?xml version="1.0" encoding="UTF-8"?>
<!-- Generated by org.testng.reporters.JUnitReportReporter -->
<testsuite hostname="DESKTOP-Q6T8I2O" failures="0" tests="1" name="Options.TestRunner2" time="47.174" errors="0" timestamp="2020-07-12T18:50:45 IST" skipped="0">
  <testcase classname="Options.TestRunner2" name="runScenario" time="47.174"/>
  <system-out/>
</testsuite> <!-- Options.TestRunner2 -->
